[debug] [2021-05-30T10:56:34.387Z] ----------------------------------------------------------------------
[debug] [2021-05-30T10:56:34.389Z] Command:       D:\node\node.exe C:\Users\PC\AppData\Roaming\npm\node_modules\firebase-tools\lib\bin\firebase.js serve
[debug] [2021-05-30T10:56:34.389Z] CLI Version:   9.12.0
[debug] [2021-05-30T10:56:34.389Z] Platform:      win32
[debug] [2021-05-30T10:56:34.389Z] Node Version:  v14.17.0
[debug] [2021-05-30T10:56:34.390Z] Time:          Sun May 30 2021 19:56:34 GMT+0900 (대한민국 표준시)
[debug] [2021-05-30T10:56:34.390Z] ----------------------------------------------------------------------
[debug] 
[debug] [2021-05-30T10:56:34.396Z] > command requires scopes: ["email","openid","https://www.googleapis.com/auth/cloudplatformprojects.readonly","https://www.googleapis.com/auth/firebase","https://www.googleapis.com/auth/cloud-platform"]
[debug] [2021-05-30T10:56:34.397Z] > authorizing via signed-in user (pallennellap17@gmail.com)
[debug] [2021-05-30T10:56:34.397Z] [iam] checking project joonmohome for permissions ["firebase.projects.get"]
[debug] [2021-05-30T10:56:34.399Z] > refreshing access token with scopes: ["email","https://www.googleapis.com/auth/cloud-platform","https://www.googleapis.com/auth/cloudplatformprojects.readonly","https://www.googleapis.com/auth/firebase","openid"]
[debug] [2021-05-30T10:56:34.399Z] >>> HTTP REQUEST POST https://www.googleapis.com/oauth2/v3/token  
 <request body omitted>
[debug] [2021-05-30T10:56:34.651Z] <<< HTTP RESPONSE 200 {"pragma":"no-cache","date":"Sun, 30 May 2021 10:56:34 GMT","cache-control":"no-cache, no-store, max-age=0, must-revalidate","expires":"Mon, 01 Jan 1990 00:00:00 GMT","content-type":"application/json; charset=utf-8","vary":"X-Origin, Referer, Origin,Accept-Encoding","server":"scaffolding on HTTPServer2","x-xss-protection":"0","x-frame-options":"SAMEORIGIN","x-content-type-options":"nosniff","alt-svc":"h3-29=\":443\"; ma=2592000,h3-T051=\":443\"; ma=2592000,h3-Q050=\":443\"; ma=2592000,h3-Q046=\":443\"; ma=2592000,h3-Q043=\":443\"; ma=2592000,quic=\":443\"; ma=2592000; v=\"46,43\"","accept-ranges":"none","transfer-encoding":"chunked"}
[debug] [2021-05-30T10:56:34.665Z] >>> HTTP REQUEST POST https://cloudresourcemanager.googleapis.com/v1/projects/joonmohome:testIamPermissions  
 {"permissions":["firebase.projects.get"]}
[debug] [2021-05-30T10:56:35.379Z] <<< HTTP RESPONSE 200 {"content-type":"application/json; charset=UTF-8","vary":"X-Origin, Referer, Origin,Accept-Encoding","date":"Sun, 30 May 2021 10:56:35 GMT","server":"ESF","cache-control":"private","x-xss-protection":"0","x-frame-options":"SAMEORIGIN","x-content-type-options":"nosniff","server-timing":"gfet4t7; dur=564","alt-svc":"h3-29=\":443\"; ma=2592000,h3-T051=\":443\"; ma=2592000,h3-Q050=\":443\"; ma=2592000,h3-Q046=\":443\"; ma=2592000,h3-Q043=\":443\"; ma=2592000,quic=\":443\"; ma=2592000; v=\"46,43\"","accept-ranges":"none","transfer-encoding":"chunked"}
[debug] [2021-05-30T10:56:35.380Z] > refreshing access token with scopes: []
[debug] [2021-05-30T10:56:35.381Z] >>> HTTP REQUEST POST https://www.googleapis.com/oauth2/v3/token  
 <request body omitted>
[debug] [2021-05-30T10:56:35.596Z] <<< HTTP RESPONSE 200 {"cache-control":"no-cache, no-store, max-age=0, must-revalidate","pragma":"no-cache","expires":"Mon, 01 Jan 1990 00:00:00 GMT","date":"Sun, 30 May 2021 10:56:35 GMT","content-type":"application/json; charset=utf-8","vary":"X-Origin, Referer, Origin,Accept-Encoding","server":"scaffolding on HTTPServer2","x-xss-protection":"0","x-frame-options":"SAMEORIGIN","x-content-type-options":"nosniff","alt-svc":"h3-29=\":443\"; ma=2592000,h3-T051=\":443\"; ma=2592000,h3-Q050=\":443\"; ma=2592000,h3-Q046=\":443\"; ma=2592000,h3-Q043=\":443\"; ma=2592000,quic=\":443\"; ma=2592000; v=\"46,43\"","accept-ranges":"none","transfer-encoding":"chunked"}
[debug] [2021-05-30T10:56:35.610Z] >>> [apiv2][query] GET https://firebase.googleapis.com/v1beta1/projects/joonmohome [none]
[debug] [2021-05-30T10:56:36.176Z] <<< [apiv2][status] GET https://firebase.googleapis.com/v1beta1/projects/joonmohome 200
[debug] [2021-05-30T10:56:36.176Z] <<< [apiv2][body] GET https://firebase.googleapis.com/v1beta1/projects/joonmohome {"projectId":"joonmohome","projectNumber":"407521114451","displayName":"JoonMoHome","name":"projects/joonmohome","resources":{"hostingSite":"joonmohome","realtimeDatabaseInstance":"joonmohome-default-rtdb","storageBucket":"joonmohome.appspot.com","locationId":"asia-northeast3"},"state":"ACTIVE"}
[info] 
[info] === Serving from 'D:\node_workspace\MyTest'...
[info] 
[debug] [2021-05-30T10:56:36.179Z] >>> [apiv2][query] GET https://firebasehosting.googleapis.com/v1beta1/projects/joonmohome/sites 
[info] +  functions: Using node@14 from host. {"metadata":{"emulator":{"name":"functions"},"message":"Using node@14 from host."}}
[debug] [2021-05-30T10:56:36.185Z] defaultcredentials: writing to file C:\Users\PC\AppData\Roaming\firebase\pallennellap17_gmail_com_application_default_credentials.json
[debug] [2021-05-30T10:56:36.187Z] Setting GAC to C:\Users\PC\AppData\Roaming\firebase\pallennellap17_gmail_com_application_default_credentials.json {"metadata":{"emulator":{"name":"functions"},"message":"Setting GAC to C:\\Users\\PC\\AppData\\Roaming\\firebase\\pallennellap17_gmail_com_application_default_credentials.json"}}
[debug] [2021-05-30T10:56:36.187Z] >>> [apiv2][query] GET https://firebase.googleapis.com/v1beta1/projects/joonmohome/adminSdkConfig [none]
[debug] [2021-05-30T10:56:36.881Z] <<< [apiv2][status] GET https://firebase.googleapis.com/v1beta1/projects/joonmohome/adminSdkConfig 200
[debug] [2021-05-30T10:56:36.881Z] <<< [apiv2][body] GET https://firebase.googleapis.com/v1beta1/projects/joonmohome/adminSdkConfig {"projectId":"joonmohome","databaseURL":"https://joonmohome-default-rtdb.firebaseio.com","storageBucket":"joonmohome.appspot.com","locationId":"asia-northeast3"}
[debug] [2021-05-30T10:56:37.185Z] <<< [apiv2][status] GET https://firebasehosting.googleapis.com/v1beta1/projects/joonmohome/sites 200
[debug] [2021-05-30T10:56:37.186Z] <<< [apiv2][body] GET https://firebasehosting.googleapis.com/v1beta1/projects/joonmohome/sites {"sites":[{"name":"projects/407521114451/sites/joonmohome","defaultUrl":"https://joonmohome.web.app","appId":"1:407521114451:web:8e7325fec85349447209a6","type":"DEFAULT_SITE"}]}
[debug] [2021-05-30T10:56:37.186Z] >>> [apiv2][query] GET https://firebase.googleapis.com/v1beta1/projects/joonmohome/webApps/1:407521114451:web:8e7325fec85349447209a6/config [none]
[debug] [2021-05-30T10:56:38.491Z] <<< [apiv2][status] GET https://firebase.googleapis.com/v1beta1/projects/joonmohome/webApps/1:407521114451:web:8e7325fec85349447209a6/config 200
[debug] [2021-05-30T10:56:38.491Z] <<< [apiv2][body] GET https://firebase.googleapis.com/v1beta1/projects/joonmohome/webApps/1:407521114451:web:8e7325fec85349447209a6/config {"projectId":"joonmohome","appId":"1:407521114451:web:8e7325fec85349447209a6","databaseURL":"https://joonmohome-default-rtdb.firebaseio.com","storageBucket":"joonmohome.appspot.com","locationId":"asia-northeast3","apiKey":"AIzaSyCEsUYmEz_qu9V8RSLjPKI3ZwRXn1lVKDQ","authDomain":"joonmohome.firebaseapp.com","messagingSenderId":"407521114451","measurementId":"G-59PZS1P5X9"}
[info] i  functions: Watching "D:\node_workspace\MyTest\functions" for Cloud Functions... {"metadata":{"emulator":{"name":"functions"},"message":"Watching \"D:\\node_workspace\\MyTest\\functions\" for Cloud Functions..."}}
[debug] [2021-05-30T10:56:38.512Z] [worker-pool] addWorker(~diagnostic~) {"metadata":{"emulator":{"name":"functions"},"message":"[worker-pool] addWorker(~diagnostic~)"}}
[debug] [2021-05-30T10:56:38.512Z] [worker-pool] Adding worker with key ~diagnostic~, total=1 {"metadata":{"emulator":{"name":"functions"},"message":"[worker-pool] Adding worker with key ~diagnostic~, total=1"}}
[debug] [2021-05-30T10:56:38.512Z] [worker-pool] submitWork(triggerId=) {"metadata":{"emulator":{"name":"functions"},"message":"[worker-pool] submitWork(triggerId=)"}}
[debug] [2021-05-30T10:56:38.512Z] [worker-~diagnostic~-3077bf04-e1ff-4da6-b072-4d6da69c314c]: Assigning socketPath: \\?\pipe\D:\node_workspace\MyTest\functions\18396 {"metadata":{"emulator":{"name":"functions"},"message":"[worker-~diagnostic~-3077bf04-e1ff-4da6-b072-4d6da69c314c]: Assigning socketPath: \\\\?\\pipe\\D:\\node_workspace\\MyTest\\functions\\18396"}}
[debug] [2021-05-30T10:56:38.512Z] [worker-~diagnostic~-3077bf04-e1ff-4da6-b072-4d6da69c314c]: BUSY {"metadata":{"emulator":{"name":"functions"},"message":"[worker-~diagnostic~-3077bf04-e1ff-4da6-b072-4d6da69c314c]: BUSY"}}
[info] i  hosting: Serving hosting files from: public {"metadata":{"emulator":{"name":"hosting"},"message":"Serving hosting files from: \u001b[1mpublic\u001b[22m"}}
[info] +  hosting: Local server: http://localhost:5000 {"metadata":{"emulator":{"name":"hosting"},"message":"Local server: \u001b[4m\u001b[1mhttp://localhost:5000\u001b[22m\u001b[24m"}}
[debug] [2021-05-30T10:56:38.669Z] [runtime-status] [18396] Functions runtime initialized. {"cwd":"D:\\node_workspace\\MyTest\\functions","node_version":"14.17.0"} {"metadata":{"emulator":{"name":"functions"},"message":"[runtime-status] [18396] Functions runtime initialized. {\"cwd\":\"D:\\\\node_workspace\\\\MyTest\\\\functions\",\"node_version\":\"14.17.0\"}"}}
[debug] [2021-05-30T10:56:38.669Z] [runtime-status] [18396] Disabled runtime features: undefined {"metadata":{"emulator":{"name":"functions"},"message":"[runtime-status] [18396] Disabled runtime features: undefined"}}
[debug] [2021-05-30T10:56:38.671Z] [runtime-status] [18396] Resolved module firebase-admin {"declared":true,"installed":true,"version":"9.9.0","resolution":"D:\\node_workspace\\MyTest\\functions\\node_modules\\firebase-admin\\lib\\index.js"} {"metadata":{"emulator":{"name":"functions"},"message":"[runtime-status] [18396] Resolved module firebase-admin {\"declared\":true,\"installed\":true,\"version\":\"9.9.0\",\"resolution\":\"D:\\\\node_workspace\\\\MyTest\\\\functions\\\\node_modules\\\\firebase-admin\\\\lib\\\\index.js\"}"}}
[debug] [2021-05-30T10:56:38.672Z] [runtime-status] [18396] Resolved module firebase-functions {"declared":true,"installed":true,"version":"3.14.1","resolution":"D:\\node_workspace\\MyTest\\functions\\node_modules\\firebase-functions\\lib\\index.js"} {"metadata":{"emulator":{"name":"functions"},"message":"[runtime-status] [18396] Resolved module firebase-functions {\"declared\":true,\"installed\":true,\"version\":\"3.14.1\",\"resolution\":\"D:\\\\node_workspace\\\\MyTest\\\\functions\\\\node_modules\\\\firebase-functions\\\\lib\\\\index.js\"}"}}
[debug] [2021-05-30T10:56:38.674Z] [runtime-status] [18396] Resolved module firebase-functions {"declared":true,"installed":true,"version":"3.14.1","resolution":"D:\\node_workspace\\MyTest\\functions\\node_modules\\firebase-functions\\lib\\index.js"} {"metadata":{"emulator":{"name":"functions"},"message":"[runtime-status] [18396] Resolved module firebase-functions {\"declared\":true,\"installed\":true,\"version\":\"3.14.1\",\"resolution\":\"D:\\\\node_workspace\\\\MyTest\\\\functions\\\\node_modules\\\\firebase-functions\\\\lib\\\\index.js\"}"}}
[debug] [2021-05-30T10:56:38.675Z] [runtime-status] [18396] Outgoing network have been stubbed. [{"name":"http","status":"mocked"},{"name":"http","status":"mocked"},{"name":"https","status":"mocked"},{"name":"https","status":"mocked"},{"name":"net","status":"mocked"}] {"metadata":{"emulator":{"name":"functions"},"message":"[runtime-status] [18396] Outgoing network have been stubbed. [{\"name\":\"http\",\"status\":\"mocked\"},{\"name\":\"http\",\"status\":\"mocked\"},{\"name\":\"https\",\"status\":\"mocked\"},{\"name\":\"https\",\"status\":\"mocked\"},{\"name\":\"net\",\"status\":\"mocked\"}]"}}
[debug] [2021-05-30T10:56:38.675Z] [runtime-status] [18396] Resolved module firebase-functions {"declared":true,"installed":true,"version":"3.14.1","resolution":"D:\\node_workspace\\MyTest\\functions\\node_modules\\firebase-functions\\lib\\index.js"} {"metadata":{"emulator":{"name":"functions"},"message":"[runtime-status] [18396] Resolved module firebase-functions {\"declared\":true,\"installed\":true,\"version\":\"3.14.1\",\"resolution\":\"D:\\\\node_workspace\\\\MyTest\\\\functions\\\\node_modules\\\\firebase-functions\\\\lib\\\\index.js\"}"}}
[debug] [2021-05-30T10:56:38.710Z] [runtime-status] [18396] Checked functions.config() {"config":{}} {"metadata":{"emulator":{"name":"functions"},"message":"[runtime-status] [18396] Checked functions.config() {\"config\":{}}"}}
[debug] [2021-05-30T10:56:38.710Z] [runtime-status] [18396] firebase-functions has been stubbed. {"functionsResolution":{"declared":true,"installed":true,"version":"3.14.1","resolution":"D:\\node_workspace\\MyTest\\functions\\node_modules\\firebase-functions\\lib\\index.js"}} {"metadata":{"emulator":{"name":"functions"},"message":"[runtime-status] [18396] firebase-functions has been stubbed. {\"functionsResolution\":{\"declared\":true,\"installed\":true,\"version\":\"3.14.1\",\"resolution\":\"D:\\\\node_workspace\\\\MyTest\\\\functions\\\\node_modules\\\\firebase-functions\\\\lib\\\\index.js\"}}"}}
[debug] [2021-05-30T10:56:38.710Z] [runtime-status] [18396] Resolved module firebase-functions {"declared":true,"installed":true,"version":"3.14.1","resolution":"D:\\node_workspace\\MyTest\\functions\\node_modules\\firebase-functions\\lib\\index.js"} {"metadata":{"emulator":{"name":"functions"},"message":"[runtime-status] [18396] Resolved module firebase-functions {\"declared\":true,\"installed\":true,\"version\":\"3.14.1\",\"resolution\":\"D:\\\\node_workspace\\\\MyTest\\\\functions\\\\node_modules\\\\firebase-functions\\\\lib\\\\index.js\"}"}}
[debug] [2021-05-30T10:56:38.711Z] [runtime-status] [18396] Resolved module firebase-admin {"declared":true,"installed":true,"version":"9.9.0","resolution":"D:\\node_workspace\\MyTest\\functions\\node_modules\\firebase-admin\\lib\\index.js"} {"metadata":{"emulator":{"name":"functions"},"message":"[runtime-status] [18396] Resolved module firebase-admin {\"declared\":true,\"installed\":true,\"version\":\"9.9.0\",\"resolution\":\"D:\\\\node_workspace\\\\MyTest\\\\functions\\\\node_modules\\\\firebase-admin\\\\lib\\\\index.js\"}"}}
[debug] [2021-05-30T10:56:38.712Z] [runtime-status] [18396] Resolved module firebase-functions {"declared":true,"installed":true,"version":"3.14.1","resolution":"D:\\node_workspace\\MyTest\\functions\\node_modules\\firebase-functions\\lib\\index.js"} {"metadata":{"emulator":{"name":"functions"},"message":"[runtime-status] [18396] Resolved module firebase-functions {\"declared\":true,\"installed\":true,\"version\":\"3.14.1\",\"resolution\":\"D:\\\\node_workspace\\\\MyTest\\\\functions\\\\node_modules\\\\firebase-functions\\\\lib\\\\index.js\"}"}}
[debug] [2021-05-30T10:56:38.713Z] [runtime-status] [18396] firebase-admin has been stubbed. {"adminResolution":{"declared":true,"installed":true,"version":"9.9.0","resolution":"D:\\node_workspace\\MyTest\\functions\\node_modules\\firebase-admin\\lib\\index.js"}} {"metadata":{"emulator":{"name":"functions"},"message":"[runtime-status] [18396] firebase-admin has been stubbed. {\"adminResolution\":{\"declared\":true,\"installed\":true,\"version\":\"9.9.0\",\"resolution\":\"D:\\\\node_workspace\\\\MyTest\\\\functions\\\\node_modules\\\\firebase-admin\\\\lib\\\\index.js\"}}"}}
[info] +  functions[us-central1-api1]: http function initialized (http://localhost:5001/joonmohome/us-central1/api1). {"metadata":{"emulator":{"name":"functions"},"message":"\u001b[1mhttp\u001b[22m function initialized (http://localhost:5001/joonmohome/us-central1/api1)."}}
[debug] [2021-05-30T10:56:38.990Z] [worker-~diagnostic~-3077bf04-e1ff-4da6-b072-4d6da69c314c]: IDLE {"metadata":{"emulator":{"name":"functions"},"message":"[worker-~diagnostic~-3077bf04-e1ff-4da6-b072-4d6da69c314c]: IDLE"}}
[info] [hosting] Rewriting /board/save?title=aaa to http://localhost:5001/joonmohome/us-central1/api1 for local Function api1
[debug] [2021-05-30T10:56:43.118Z] >>> [apiv2][query] POST http://localhost:5001/joonmohome/us-central1/api1/board/save title=aaa
[debug] [2021-05-30T10:56:43.118Z] >>> [apiv2][body] POST http://localhost:5001/joonmohome/us-central1/api1/board/save [stream]
[debug] [2021-05-30T10:56:43.122Z] [work-queue] {"queueLength":1,"workRunningCount":0}
[debug] [2021-05-30T10:56:43.123Z] [work-queue] {"queueLength":0,"workRunningCount":1}
[debug] [2021-05-30T10:56:43.123Z] Accepted request POST /joonmohome/us-central1/api1/board/save?title=aaa --> us-central1-api1
[debug] [2021-05-30T10:56:43.127Z] [worker-pool] addWorker(us-central1-api1) {"metadata":{"emulator":{"name":"functions"},"message":"[worker-pool] addWorker(us-central1-api1)"}}
[debug] [2021-05-30T10:56:43.127Z] [worker-pool] Adding worker with key us-central1-api1, total=1 {"metadata":{"emulator":{"name":"functions"},"message":"[worker-pool] Adding worker with key us-central1-api1, total=1"}}
[debug] [2021-05-30T10:56:43.127Z] [worker-pool] submitWork(triggerId=us-central1-api1) {"metadata":{"emulator":{"name":"functions"},"message":"[worker-pool] submitWork(triggerId=us-central1-api1)"}}
[debug] [2021-05-30T10:56:43.127Z] [worker-us-central1-api1-bae88a42-a494-41e9-a89d-d42fef656c85]: Assigning socketPath: \\?\pipe\D:\node_workspace\MyTest\functions\17268 {"metadata":{"emulator":{"name":"functions"},"message":"[worker-us-central1-api1-bae88a42-a494-41e9-a89d-d42fef656c85]: Assigning socketPath: \\\\?\\pipe\\D:\\node_workspace\\MyTest\\functions\\17268"}}
[debug] [2021-05-30T10:56:43.127Z] [worker-us-central1-api1-bae88a42-a494-41e9-a89d-d42fef656c85]: BUSY {"metadata":{"emulator":{"name":"functions"},"message":"[worker-us-central1-api1-bae88a42-a494-41e9-a89d-d42fef656c85]: BUSY"}}
[debug] [2021-05-30T10:56:43.293Z] [runtime-status] [17268] Functions runtime initialized. {"cwd":"D:\\node_workspace\\MyTest\\functions","node_version":"14.17.0"} {"metadata":{"emulator":{"name":"functions"},"function":{"name":"us-central1-api1"},"message":"[runtime-status] [17268] Functions runtime initialized. {\"cwd\":\"D:\\\\node_workspace\\\\MyTest\\\\functions\",\"node_version\":\"14.17.0\"}"}}
[debug] [2021-05-30T10:56:43.294Z] [runtime-status] [17268] Disabled runtime features: undefined {"metadata":{"emulator":{"name":"functions"},"function":{"name":"us-central1-api1"},"message":"[runtime-status] [17268] Disabled runtime features: undefined"}}
[debug] [2021-05-30T10:56:43.297Z] [runtime-status] [17268] Resolved module firebase-admin {"declared":true,"installed":true,"version":"9.9.0","resolution":"D:\\node_workspace\\MyTest\\functions\\node_modules\\firebase-admin\\lib\\index.js"} {"metadata":{"emulator":{"name":"functions"},"function":{"name":"us-central1-api1"},"message":"[runtime-status] [17268] Resolved module firebase-admin {\"declared\":true,\"installed\":true,\"version\":\"9.9.0\",\"resolution\":\"D:\\\\node_workspace\\\\MyTest\\\\functions\\\\node_modules\\\\firebase-admin\\\\lib\\\\index.js\"}"}}
[debug] [2021-05-30T10:56:43.299Z] [runtime-status] [17268] Resolved module firebase-functions {"declared":true,"installed":true,"version":"3.14.1","resolution":"D:\\node_workspace\\MyTest\\functions\\node_modules\\firebase-functions\\lib\\index.js"} {"metadata":{"emulator":{"name":"functions"},"function":{"name":"us-central1-api1"},"message":"[runtime-status] [17268] Resolved module firebase-functions {\"declared\":true,\"installed\":true,\"version\":\"3.14.1\",\"resolution\":\"D:\\\\node_workspace\\\\MyTest\\\\functions\\\\node_modules\\\\firebase-functions\\\\lib\\\\index.js\"}"}}
[debug] [2021-05-30T10:56:43.300Z] [runtime-status] [17268] Resolved module firebase-functions {"declared":true,"installed":true,"version":"3.14.1","resolution":"D:\\node_workspace\\MyTest\\functions\\node_modules\\firebase-functions\\lib\\index.js"} {"metadata":{"emulator":{"name":"functions"},"function":{"name":"us-central1-api1"},"message":"[runtime-status] [17268] Resolved module firebase-functions {\"declared\":true,\"installed\":true,\"version\":\"3.14.1\",\"resolution\":\"D:\\\\node_workspace\\\\MyTest\\\\functions\\\\node_modules\\\\firebase-functions\\\\lib\\\\index.js\"}"}}
[debug] [2021-05-30T10:56:43.302Z] [runtime-status] [17268] Outgoing network have been stubbed. [{"name":"http","status":"mocked"},{"name":"http","status":"mocked"},{"name":"https","status":"mocked"},{"name":"https","status":"mocked"},{"name":"net","status":"mocked"}] {"metadata":{"emulator":{"name":"functions"},"function":{"name":"us-central1-api1"},"message":"[runtime-status] [17268] Outgoing network have been stubbed. [{\"name\":\"http\",\"status\":\"mocked\"},{\"name\":\"http\",\"status\":\"mocked\"},{\"name\":\"https\",\"status\":\"mocked\"},{\"name\":\"https\",\"status\":\"mocked\"},{\"name\":\"net\",\"status\":\"mocked\"}]"}}
[debug] [2021-05-30T10:56:43.302Z] [runtime-status] [17268] Resolved module firebase-functions {"declared":true,"installed":true,"version":"3.14.1","resolution":"D:\\node_workspace\\MyTest\\functions\\node_modules\\firebase-functions\\lib\\index.js"} {"metadata":{"emulator":{"name":"functions"},"function":{"name":"us-central1-api1"},"message":"[runtime-status] [17268] Resolved module firebase-functions {\"declared\":true,\"installed\":true,\"version\":\"3.14.1\",\"resolution\":\"D:\\\\node_workspace\\\\MyTest\\\\functions\\\\node_modules\\\\firebase-functions\\\\lib\\\\index.js\"}"}}
[debug] [2021-05-30T10:56:43.342Z] [runtime-status] [17268] Checked functions.config() {"config":{}} {"metadata":{"emulator":{"name":"functions"},"function":{"name":"us-central1-api1"},"message":"[runtime-status] [17268] Checked functions.config() {\"config\":{}}"}}
[debug] [2021-05-30T10:56:43.342Z] [runtime-status] [17268] firebase-functions has been stubbed. {"functionsResolution":{"declared":true,"installed":true,"version":"3.14.1","resolution":"D:\\node_workspace\\MyTest\\functions\\node_modules\\firebase-functions\\lib\\index.js"}} {"metadata":{"emulator":{"name":"functions"},"function":{"name":"us-central1-api1"},"message":"[runtime-status] [17268] firebase-functions has been stubbed. {\"functionsResolution\":{\"declared\":true,\"installed\":true,\"version\":\"3.14.1\",\"resolution\":\"D:\\\\node_workspace\\\\MyTest\\\\functions\\\\node_modules\\\\firebase-functions\\\\lib\\\\index.js\"}}"}}
[debug] [2021-05-30T10:56:43.342Z] [runtime-status] [17268] Resolved module firebase-functions {"declared":true,"installed":true,"version":"3.14.1","resolution":"D:\\node_workspace\\MyTest\\functions\\node_modules\\firebase-functions\\lib\\index.js"} {"metadata":{"emulator":{"name":"functions"},"function":{"name":"us-central1-api1"},"message":"[runtime-status] [17268] Resolved module firebase-functions {\"declared\":true,\"installed\":true,\"version\":\"3.14.1\",\"resolution\":\"D:\\\\node_workspace\\\\MyTest\\\\functions\\\\node_modules\\\\firebase-functions\\\\lib\\\\index.js\"}"}}
[debug] [2021-05-30T10:56:43.343Z] [runtime-status] [17268] Resolved module firebase-admin {"declared":true,"installed":true,"version":"9.9.0","resolution":"D:\\node_workspace\\MyTest\\functions\\node_modules\\firebase-admin\\lib\\index.js"} {"metadata":{"emulator":{"name":"functions"},"function":{"name":"us-central1-api1"},"message":"[runtime-status] [17268] Resolved module firebase-admin {\"declared\":true,\"installed\":true,\"version\":\"9.9.0\",\"resolution\":\"D:\\\\node_workspace\\\\MyTest\\\\functions\\\\node_modules\\\\firebase-admin\\\\lib\\\\index.js\"}"}}
[debug] [2021-05-30T10:56:43.344Z] [runtime-status] [17268] Resolved module firebase-functions {"declared":true,"installed":true,"version":"3.14.1","resolution":"D:\\node_workspace\\MyTest\\functions\\node_modules\\firebase-functions\\lib\\index.js"} {"metadata":{"emulator":{"name":"functions"},"function":{"name":"us-central1-api1"},"message":"[runtime-status] [17268] Resolved module firebase-functions {\"declared\":true,\"installed\":true,\"version\":\"3.14.1\",\"resolution\":\"D:\\\\node_workspace\\\\MyTest\\\\functions\\\\node_modules\\\\firebase-functions\\\\lib\\\\index.js\"}"}}
[debug] [2021-05-30T10:56:43.344Z] [runtime-status] [17268] firebase-admin has been stubbed. {"adminResolution":{"declared":true,"installed":true,"version":"9.9.0","resolution":"D:\\node_workspace\\MyTest\\functions\\node_modules\\firebase-admin\\lib\\index.js"}} {"metadata":{"emulator":{"name":"functions"},"function":{"name":"us-central1-api1"},"message":"[runtime-status] [17268] firebase-admin has been stubbed. {\"adminResolution\":{\"declared\":true,\"installed\":true,\"version\":\"9.9.0\",\"resolution\":\"D:\\\\node_workspace\\\\MyTest\\\\functions\\\\node_modules\\\\firebase-admin\\\\lib\\\\index.js\"}}"}}
[debug] [2021-05-30T10:56:43.628Z] [runtime-status] [17268] Trigger "us-central1-api1" has been found, beginning invocation! {"metadata":{"emulator":{"name":"functions"},"function":{"name":"us-central1-api1"},"message":"[runtime-status] [17268] Trigger \"us-central1-api1\" has been found, beginning invocation!"}}
[info] i  functions: Beginning execution of "us-central1-api1" {"metadata":{"emulator":{"name":"functions"},"function":{"name":"us-central1-api1"},"message":"Beginning execution of \"us-central1-api1\""}}
[debug] [2021-05-30T10:56:43.629Z] [runtime-status] [17268] triggerDefinition {"httpsTrigger":{},"name":"api1","entryPoint":"api1","regions":["us-central1"],"region":"us-central1","id":"us-central1-api1"} {"metadata":{"emulator":{"name":"functions"},"function":{"name":"us-central1-api1"},"message":"[runtime-status] [17268] triggerDefinition {\"httpsTrigger\":{},\"name\":\"api1\",\"entryPoint\":\"api1\",\"regions\":[\"us-central1\"],\"region\":\"us-central1\",\"id\":\"us-central1-api1\"}"}}
[debug] [2021-05-30T10:56:43.629Z] [runtime-status] [17268] Running us-central1-api1 in mode HTTPS {"metadata":{"emulator":{"name":"functions"},"function":{"name":"us-central1-api1"},"message":"[runtime-status] [17268] Running us-central1-api1 in mode HTTPS"}}
[debug] [2021-05-30T10:56:43.631Z] [runtime-status] [17268] Attempting to listen to socketPath: \\?\pipe\D:\node_workspace\MyTest\functions\17268 {"metadata":{"emulator":{"name":"functions"},"function":{"name":"us-central1-api1"},"message":"[runtime-status] [17268] Attempting to listen to socketPath: \\\\?\\pipe\\D:\\node_workspace\\MyTest\\functions\\17268"}}
[debug] [2021-05-30T10:56:43.634Z] [functions] Runtime ready! Sending request! {"metadata":{"emulator":{"name":"functions"},"message":"[functions] Runtime ready! Sending request!"}}
[debug] [2021-05-30T10:56:43.635Z] [functions] Got req.url=/joonmohome/us-central1/api1/board/save?title=aaa, mapping to path=/board/save?title=aaa {"metadata":{"emulator":{"name":"functions"},"message":"[functions] Got req.url=/joonmohome/us-central1/api1/board/save?title=aaa, mapping to path=/board/save?title=aaa"}}
[debug] [2021-05-30T10:56:43.651Z] [runtime-status] [17268] Ephemeral server handling POST request {"metadata":{"emulator":{"name":"functions"},"function":{"name":"us-central1-api1"},"message":"[runtime-status] [17268] Ephemeral server handling POST request"}}
[debug] [2021-05-30T10:56:43.660Z] <<< [apiv2][status] POST http://localhost:5001/joonmohome/us-central1/api1/board/save 200
[debug] [2021-05-30T10:56:43.660Z] <<< [apiv2][body] POST http://localhost:5001/joonmohome/us-central1/api1/board/save [stream]
[info] i  hosting: 127.0.0.1 - - [30/May/2021:10:56:43 +0000] "POST /board/save?title=aaa HTTP/1.1" 200 31 "-" "PostmanRuntime/7.28.0" {"metadata":{"emulator":{"name":"hosting"},"message":"127.0.0.1 - - [30/May/2021:10:56:43 +0000] \"POST /board/save?title=aaa HTTP/1.1\" 200 31 \"-\" \"PostmanRuntime/7.28.0\""}}
[debug] [2021-05-30T10:56:43.662Z] [runtime-status] [17268] Ephemeral server survived. {"metadata":{"emulator":{"name":"functions"},"function":{"name":"us-central1-api1"},"message":"[runtime-status] [17268] Ephemeral server survived."}}
[info] >  POST /board/save?title=aaa 200 4.337 ms - 31 {"user":"\u001b[0mPOST /board/save?title=aaa \u001b[32m200 \u001b[0m4.337 ms - 31\u001b[0m","metadata":{"emulator":{"name":"functions"},"function":{"name":"us-central1-api1"},"message":"\u001b[90m> \u001b[39m \u001b[0mPOST /board/save?title=aaa \u001b[32m200 \u001b[0m4.337 ms - 31\u001b[0m"}}
[info] i  functions: Finished "us-central1-api1" in ~1s {"metadata":{"emulator":{"name":"functions"},"function":{"name":"us-central1-api1"},"message":"Finished \"us-central1-api1\" in ~1s"}}
[debug] [2021-05-30T10:56:43.761Z] [worker-us-central1-api1-bae88a42-a494-41e9-a89d-d42fef656c85]: IDLE {"metadata":{"emulator":{"name":"functions"},"message":"[worker-us-central1-api1-bae88a42-a494-41e9-a89d-d42fef656c85]: IDLE"}}
[debug] [2021-05-30T10:56:43.761Z] [work-queue] {"queueLength":0,"workRunningCount":0}
[info] >  [2021-05-30T10:56:43.850Z]  @firebase/firestore: Firestore (8.6.3): Connection GRPC stream error. Code: 3 Message: 3 INVALID_ARGUMENT: Invalid resource field value in the request. {"user":"[2021-05-30T10:56:43.850Z]  @firebase/firestore: Firestore (8.6.3): Connection GRPC stream error. Code: 3 Message: 3 INVALID_ARGUMENT: Invalid resource field value in the request.","metadata":{"emulator":{"name":"functions"},"function":{"name":"us-central1-api1"},"message":"\u001b[90m> \u001b[39m [2021-05-30T10:56:43.850Z]  @firebase/firestore: Firestore (8.6.3): Connection GRPC stream error. Code: 3 Message: 3 INVALID_ARGUMENT: Invalid resource field value in the request."}}
[info] >  [2021-05-30T10:56:43.870Z]  @firebase/firestore: Firestore (8.6.3): Connection GRPC stream error. Code: 3 Message: 3 INVALID_ARGUMENT: Invalid resource field value in the request. {"user":"[2021-05-30T10:56:43.870Z]  @firebase/firestore: Firestore (8.6.3): Connection GRPC stream error. Code: 3 Message: 3 INVALID_ARGUMENT: Invalid resource field value in the request.","metadata":{"emulator":{"name":"functions"},"function":{"name":"us-central1-api1"},"message":"\u001b[90m> \u001b[39m [2021-05-30T10:56:43.870Z]  @firebase/firestore: Firestore (8.6.3): Connection GRPC stream error. Code: 3 Message: 3 INVALID_ARGUMENT: Invalid resource field value in the request."}}
[info] >  [2021-05-30T10:56:45.228Z]  @firebase/firestore: Firestore (8.6.3): Connection GRPC stream error. Code: 3 Message: 3 INVALID_ARGUMENT: Invalid resource field value in the request. {"user":"[2021-05-30T10:56:45.228Z]  @firebase/firestore: Firestore (8.6.3): Connection GRPC stream error. Code: 3 Message: 3 INVALID_ARGUMENT: Invalid resource field value in the request.","metadata":{"emulator":{"name":"functions"},"function":{"name":"us-central1-api1"},"message":"\u001b[90m> \u001b[39m [2021-05-30T10:56:45.228Z]  @firebase/firestore: Firestore (8.6.3): Connection GRPC stream error. Code: 3 Message: 3 INVALID_ARGUMENT: Invalid resource field value in the request."}}
[info] >  [2021-05-30T10:56:46.400Z]  @firebase/firestore: Firestore (8.6.3): Connection GRPC stream error. Code: 3 Message: 3 INVALID_ARGUMENT: Invalid resource field value in the request. {"user":"[2021-05-30T10:56:46.400Z]  @firebase/firestore: Firestore (8.6.3): Connection GRPC stream error. Code: 3 Message: 3 INVALID_ARGUMENT: Invalid resource field value in the request.","metadata":{"emulator":{"name":"functions"},"function":{"name":"us-central1-api1"},"message":"\u001b[90m> \u001b[39m [2021-05-30T10:56:46.400Z]  @firebase/firestore: Firestore (8.6.3): Connection GRPC stream error. Code: 3 Message: 3 INVALID_ARGUMENT: Invalid resource field value in the request."}}
[info] >  [2021-05-30T10:56:48.423Z]  @firebase/firestore: Firestore (8.6.3): Connection GRPC stream error. Code: 3 Message: 3 INVALID_ARGUMENT: Invalid resource field value in the request. {"user":"[2021-05-30T10:56:48.423Z]  @firebase/firestore: Firestore (8.6.3): Connection GRPC stream error. Code: 3 Message: 3 INVALID_ARGUMENT: Invalid resource field value in the request.","metadata":{"emulator":{"name":"functions"},"function":{"name":"us-central1-api1"},"message":"\u001b[90m> \u001b[39m [2021-05-30T10:56:48.423Z]  @firebase/firestore: Firestore (8.6.3): Connection GRPC stream error. Code: 3 Message: 3 INVALID_ARGUMENT: Invalid resource field value in the request."}}
[info] >  [2021-05-30T10:56:53.418Z]  @firebase/firestore: Firestore (8.6.3): Connection GRPC stream error. Code: 3 Message: 3 INVALID_ARGUMENT: Invalid resource field value in the request. {"user":"[2021-05-30T10:56:53.418Z]  @firebase/firestore: Firestore (8.6.3): Connection GRPC stream error. Code: 3 Message: 3 INVALID_ARGUMENT: Invalid resource field value in the request.","metadata":{"emulator":{"name":"functions"},"function":{"name":"us-central1-api1"},"message":"\u001b[90m> \u001b[39m [2021-05-30T10:56:53.418Z]  @firebase/firestore: Firestore (8.6.3): Connection GRPC stream error. Code: 3 Message: 3 INVALID_ARGUMENT: Invalid resource field value in the request."}}
[info] >  [2021-05-30T10:56:57.915Z]  @firebase/firestore: Firestore (8.6.3): Connection GRPC stream error. Code: 3 Message: 3 INVALID_ARGUMENT: Invalid resource field value in the request. {"user":"[2021-05-30T10:56:57.915Z]  @firebase/firestore: Firestore (8.6.3): Connection GRPC stream error. Code: 3 Message: 3 INVALID_ARGUMENT: Invalid resource field value in the request.","metadata":{"emulator":{"name":"functions"},"function":{"name":"us-central1-api1"},"message":"\u001b[90m> \u001b[39m [2021-05-30T10:56:57.915Z]  @firebase/firestore: Firestore (8.6.3): Connection GRPC stream error. Code: 3 Message: 3 INVALID_ARGUMENT: Invalid resource field value in the request."}}
[info] >  [2021-05-30T10:57:05.728Z]  @firebase/firestore: Firestore (8.6.3): Connection GRPC stream error. Code: 3 Message: 3 INVALID_ARGUMENT: Invalid resource field value in the request. {"user":"[2021-05-30T10:57:05.728Z]  @firebase/firestore: Firestore (8.6.3): Connection GRPC stream error. Code: 3 Message: 3 INVALID_ARGUMENT: Invalid resource field value in the request.","metadata":{"emulator":{"name":"functions"},"function":{"name":"us-central1-api1"},"message":"\u001b[90m> \u001b[39m [2021-05-30T10:57:05.728Z]  @firebase/firestore: Firestore (8.6.3): Connection GRPC stream error. Code: 3 Message: 3 INVALID_ARGUMENT: Invalid resource field value in the request."}}
[debug] [2021-05-30T11:07:10.934Z] ----------------------------------------------------------------------
[debug] [2021-05-30T11:07:10.936Z] Command:       D:\node\node.exe C:\Users\PC\AppData\Roaming\npm\node_modules\firebase-tools\lib\bin\firebase.js serve
[debug] [2021-05-30T11:07:10.936Z] CLI Version:   9.12.0
[debug] [2021-05-30T11:07:10.936Z] Platform:      win32
[debug] [2021-05-30T11:07:10.936Z] Node Version:  v14.17.0
[debug] [2021-05-30T11:07:10.937Z] Time:          Sun May 30 2021 20:07:10 GMT+0900 (대한민국 표준시)
[debug] [2021-05-30T11:07:10.937Z] ----------------------------------------------------------------------
[debug] 
[debug] [2021-05-30T11:07:10.944Z] > command requires scopes: ["email","openid","https://www.googleapis.com/auth/cloudplatformprojects.readonly","https://www.googleapis.com/auth/firebase","https://www.googleapis.com/auth/cloud-platform"]
[debug] [2021-05-30T11:07:10.944Z] > authorizing via signed-in user (pallennellap17@gmail.com)
[debug] [2021-05-30T11:07:10.944Z] [iam] checking project joonmohome for permissions ["firebase.projects.get"]
[debug] [2021-05-30T11:07:10.946Z] > refreshing access token with scopes: ["email","https://www.googleapis.com/auth/cloud-platform","https://www.googleapis.com/auth/cloudplatformprojects.readonly","https://www.googleapis.com/auth/firebase","openid"]
[debug] [2021-05-30T11:07:10.946Z] >>> HTTP REQUEST POST https://www.googleapis.com/oauth2/v3/token  
 <request body omitted>
[debug] [2021-05-30T11:07:11.181Z] <<< HTTP RESPONSE 200 {"expires":"Mon, 01 Jan 1990 00:00:00 GMT","cache-control":"no-cache, no-store, max-age=0, must-revalidate","date":"Sun, 30 May 2021 11:07:11 GMT","pragma":"no-cache","content-type":"application/json; charset=utf-8","vary":"X-Origin, Referer, Origin,Accept-Encoding","server":"scaffolding on HTTPServer2","x-xss-protection":"0","x-frame-options":"SAMEORIGIN","x-content-type-options":"nosniff","alt-svc":"h3-29=\":443\"; ma=2592000,h3-T051=\":443\"; ma=2592000,h3-Q050=\":443\"; ma=2592000,h3-Q046=\":443\"; ma=2592000,h3-Q043=\":443\"; ma=2592000,quic=\":443\"; ma=2592000; v=\"46,43\"","accept-ranges":"none","transfer-encoding":"chunked"}
[debug] [2021-05-30T11:07:11.199Z] >>> HTTP REQUEST POST https://cloudresourcemanager.googleapis.com/v1/projects/joonmohome:testIamPermissions  
 {"permissions":["firebase.projects.get"]}
[debug] [2021-05-30T11:07:11.989Z] <<< HTTP RESPONSE 200 {"content-type":"application/json; charset=UTF-8","vary":"X-Origin, Referer, Origin,Accept-Encoding","date":"Sun, 30 May 2021 11:07:11 GMT","server":"ESF","cache-control":"private","x-xss-protection":"0","x-frame-options":"SAMEORIGIN","x-content-type-options":"nosniff","server-timing":"gfet4t7; dur=569","alt-svc":"h3-29=\":443\"; ma=2592000,h3-T051=\":443\"; ma=2592000,h3-Q050=\":443\"; ma=2592000,h3-Q046=\":443\"; ma=2592000,h3-Q043=\":443\"; ma=2592000,quic=\":443\"; ma=2592000; v=\"46,43\"","accept-ranges":"none","transfer-encoding":"chunked"}
[debug] [2021-05-30T11:07:11.991Z] > refreshing access token with scopes: []
[debug] [2021-05-30T11:07:11.991Z] >>> HTTP REQUEST POST https://www.googleapis.com/oauth2/v3/token  
 <request body omitted>
[debug] [2021-05-30T11:07:12.208Z] <<< HTTP RESPONSE 200 {"pragma":"no-cache","date":"Sun, 30 May 2021 11:07:12 GMT","cache-control":"no-cache, no-store, max-age=0, must-revalidate","expires":"Mon, 01 Jan 1990 00:00:00 GMT","content-type":"application/json; charset=utf-8","vary":"X-Origin, Referer, Origin,Accept-Encoding","server":"scaffolding on HTTPServer2","x-xss-protection":"0","x-frame-options":"SAMEORIGIN","x-content-type-options":"nosniff","alt-svc":"h3-29=\":443\"; ma=2592000,h3-T051=\":443\"; ma=2592000,h3-Q050=\":443\"; ma=2592000,h3-Q046=\":443\"; ma=2592000,h3-Q043=\":443\"; ma=2592000,quic=\":443\"; ma=2592000; v=\"46,43\"","accept-ranges":"none","transfer-encoding":"chunked"}
[debug] [2021-05-30T11:07:12.226Z] >>> [apiv2][query] GET https://firebase.googleapis.com/v1beta1/projects/joonmohome [none]
[debug] [2021-05-30T11:07:12.962Z] <<< [apiv2][status] GET https://firebase.googleapis.com/v1beta1/projects/joonmohome 200
[debug] [2021-05-30T11:07:12.962Z] <<< [apiv2][body] GET https://firebase.googleapis.com/v1beta1/projects/joonmohome {"projectId":"joonmohome","projectNumber":"407521114451","displayName":"JoonMoHome","name":"projects/joonmohome","resources":{"hostingSite":"joonmohome","realtimeDatabaseInstance":"joonmohome-default-rtdb","storageBucket":"joonmohome.appspot.com","locationId":"asia-northeast3"},"state":"ACTIVE"}
[info] 
[info] === Serving from 'D:\node_workspace\MyTest'...
[info] 
[debug] [2021-05-30T11:07:12.965Z] >>> [apiv2][query] GET https://firebasehosting.googleapis.com/v1beta1/projects/joonmohome/sites 
[info] +  functions: Using node@14 from host. {"metadata":{"emulator":{"name":"functions"},"message":"Using node@14 from host."}}
[debug] [2021-05-30T11:07:12.971Z] defaultcredentials: writing to file C:\Users\PC\AppData\Roaming\firebase\pallennellap17_gmail_com_application_default_credentials.json
[debug] [2021-05-30T11:07:12.972Z] Setting GAC to C:\Users\PC\AppData\Roaming\firebase\pallennellap17_gmail_com_application_default_credentials.json {"metadata":{"emulator":{"name":"functions"},"message":"Setting GAC to C:\\Users\\PC\\AppData\\Roaming\\firebase\\pallennellap17_gmail_com_application_default_credentials.json"}}
[debug] [2021-05-30T11:07:12.972Z] >>> [apiv2][query] GET https://firebase.googleapis.com/v1beta1/projects/joonmohome/adminSdkConfig [none]
[debug] [2021-05-30T11:07:13.653Z] <<< [apiv2][status] GET https://firebase.googleapis.com/v1beta1/projects/joonmohome/adminSdkConfig 200
[debug] [2021-05-30T11:07:13.654Z] <<< [apiv2][body] GET https://firebase.googleapis.com/v1beta1/projects/joonmohome/adminSdkConfig {"projectId":"joonmohome","databaseURL":"https://joonmohome-default-rtdb.firebaseio.com","storageBucket":"joonmohome.appspot.com","locationId":"asia-northeast3"}
[debug] [2021-05-30T11:07:13.991Z] <<< [apiv2][status] GET https://firebasehosting.googleapis.com/v1beta1/projects/joonmohome/sites 200
[debug] [2021-05-30T11:07:13.991Z] <<< [apiv2][body] GET https://firebasehosting.googleapis.com/v1beta1/projects/joonmohome/sites {"sites":[{"name":"projects/407521114451/sites/joonmohome","defaultUrl":"https://joonmohome.web.app","appId":"1:407521114451:web:8e7325fec85349447209a6","type":"DEFAULT_SITE"}]}
[debug] [2021-05-30T11:07:13.991Z] >>> [apiv2][query] GET https://firebase.googleapis.com/v1beta1/projects/joonmohome/webApps/1:407521114451:web:8e7325fec85349447209a6/config [none]
[debug] [2021-05-30T11:07:15.642Z] <<< [apiv2][status] GET https://firebase.googleapis.com/v1beta1/projects/joonmohome/webApps/1:407521114451:web:8e7325fec85349447209a6/config 200
[debug] [2021-05-30T11:07:15.643Z] <<< [apiv2][body] GET https://firebase.googleapis.com/v1beta1/projects/joonmohome/webApps/1:407521114451:web:8e7325fec85349447209a6/config {"projectId":"joonmohome","appId":"1:407521114451:web:8e7325fec85349447209a6","databaseURL":"https://joonmohome-default-rtdb.firebaseio.com","storageBucket":"joonmohome.appspot.com","locationId":"asia-northeast3","apiKey":"AIzaSyCEsUYmEz_qu9V8RSLjPKI3ZwRXn1lVKDQ","authDomain":"joonmohome.firebaseapp.com","messagingSenderId":"407521114451","measurementId":"G-59PZS1P5X9"}
[info] i  functions: Watching "D:\node_workspace\MyTest\functions" for Cloud Functions... {"metadata":{"emulator":{"name":"functions"},"message":"Watching \"D:\\node_workspace\\MyTest\\functions\" for Cloud Functions..."}}
[debug] [2021-05-30T11:07:15.666Z] [worker-pool] addWorker(~diagnostic~) {"metadata":{"emulator":{"name":"functions"},"message":"[worker-pool] addWorker(~diagnostic~)"}}
[debug] [2021-05-30T11:07:15.666Z] [worker-pool] Adding worker with key ~diagnostic~, total=1 {"metadata":{"emulator":{"name":"functions"},"message":"[worker-pool] Adding worker with key ~diagnostic~, total=1"}}
[debug] [2021-05-30T11:07:15.666Z] [worker-pool] submitWork(triggerId=) {"metadata":{"emulator":{"name":"functions"},"message":"[worker-pool] submitWork(triggerId=)"}}
[debug] [2021-05-30T11:07:15.667Z] [worker-~diagnostic~-5e5bd33c-9396-437f-858b-a8f2203c3826]: Assigning socketPath: \\?\pipe\D:\node_workspace\MyTest\functions\14896 {"metadata":{"emulator":{"name":"functions"},"message":"[worker-~diagnostic~-5e5bd33c-9396-437f-858b-a8f2203c3826]: Assigning socketPath: \\\\?\\pipe\\D:\\node_workspace\\MyTest\\functions\\14896"}}
[debug] [2021-05-30T11:07:15.667Z] [worker-~diagnostic~-5e5bd33c-9396-437f-858b-a8f2203c3826]: BUSY {"metadata":{"emulator":{"name":"functions"},"message":"[worker-~diagnostic~-5e5bd33c-9396-437f-858b-a8f2203c3826]: BUSY"}}
[info] i  hosting: Serving hosting files from: public {"metadata":{"emulator":{"name":"hosting"},"message":"Serving hosting files from: \u001b[1mpublic\u001b[22m"}}
[info] +  hosting: Local server: http://localhost:5000 {"metadata":{"emulator":{"name":"hosting"},"message":"Local server: \u001b[4m\u001b[1mhttp://localhost:5000\u001b[22m\u001b[24m"}}
[debug] [2021-05-30T11:07:15.830Z] [runtime-status] [14896] Functions runtime initialized. {"cwd":"D:\\node_workspace\\MyTest\\functions","node_version":"14.17.0"} {"metadata":{"emulator":{"name":"functions"},"message":"[runtime-status] [14896] Functions runtime initialized. {\"cwd\":\"D:\\\\node_workspace\\\\MyTest\\\\functions\",\"node_version\":\"14.17.0\"}"}}
[debug] [2021-05-30T11:07:15.830Z] [runtime-status] [14896] Disabled runtime features: undefined {"metadata":{"emulator":{"name":"functions"},"message":"[runtime-status] [14896] Disabled runtime features: undefined"}}
[debug] [2021-05-30T11:07:15.833Z] [runtime-status] [14896] Resolved module firebase-admin {"declared":true,"installed":true,"version":"9.9.0","resolution":"D:\\node_workspace\\MyTest\\functions\\node_modules\\firebase-admin\\lib\\index.js"} {"metadata":{"emulator":{"name":"functions"},"message":"[runtime-status] [14896] Resolved module firebase-admin {\"declared\":true,\"installed\":true,\"version\":\"9.9.0\",\"resolution\":\"D:\\\\node_workspace\\\\MyTest\\\\functions\\\\node_modules\\\\firebase-admin\\\\lib\\\\index.js\"}"}}
[debug] [2021-05-30T11:07:15.834Z] [runtime-status] [14896] Resolved module firebase-functions {"declared":true,"installed":true,"version":"3.14.1","resolution":"D:\\node_workspace\\MyTest\\functions\\node_modules\\firebase-functions\\lib\\index.js"} {"metadata":{"emulator":{"name":"functions"},"message":"[runtime-status] [14896] Resolved module firebase-functions {\"declared\":true,\"installed\":true,\"version\":\"3.14.1\",\"resolution\":\"D:\\\\node_workspace\\\\MyTest\\\\functions\\\\node_modules\\\\firebase-functions\\\\lib\\\\index.js\"}"}}
[debug] [2021-05-30T11:07:15.835Z] [runtime-status] [14896] Resolved module firebase-functions {"declared":true,"installed":true,"version":"3.14.1","resolution":"D:\\node_workspace\\MyTest\\functions\\node_modules\\firebase-functions\\lib\\index.js"} {"metadata":{"emulator":{"name":"functions"},"message":"[runtime-status] [14896] Resolved module firebase-functions {\"declared\":true,\"installed\":true,\"version\":\"3.14.1\",\"resolution\":\"D:\\\\node_workspace\\\\MyTest\\\\functions\\\\node_modules\\\\firebase-functions\\\\lib\\\\index.js\"}"}}
[debug] [2021-05-30T11:07:15.837Z] [runtime-status] [14896] Outgoing network have been stubbed. [{"name":"http","status":"mocked"},{"name":"http","status":"mocked"},{"name":"https","status":"mocked"},{"name":"https","status":"mocked"},{"name":"net","status":"mocked"}] {"metadata":{"emulator":{"name":"functions"},"message":"[runtime-status] [14896] Outgoing network have been stubbed. [{\"name\":\"http\",\"status\":\"mocked\"},{\"name\":\"http\",\"status\":\"mocked\"},{\"name\":\"https\",\"status\":\"mocked\"},{\"name\":\"https\",\"status\":\"mocked\"},{\"name\":\"net\",\"status\":\"mocked\"}]"}}
[debug] [2021-05-30T11:07:15.837Z] [runtime-status] [14896] Resolved module firebase-functions {"declared":true,"installed":true,"version":"3.14.1","resolution":"D:\\node_workspace\\MyTest\\functions\\node_modules\\firebase-functions\\lib\\index.js"} {"metadata":{"emulator":{"name":"functions"},"message":"[runtime-status] [14896] Resolved module firebase-functions {\"declared\":true,\"installed\":true,\"version\":\"3.14.1\",\"resolution\":\"D:\\\\node_workspace\\\\MyTest\\\\functions\\\\node_modules\\\\firebase-functions\\\\lib\\\\index.js\"}"}}
[debug] [2021-05-30T11:07:15.871Z] [runtime-status] [14896] Checked functions.config() {"config":{}} {"metadata":{"emulator":{"name":"functions"},"message":"[runtime-status] [14896] Checked functions.config() {\"config\":{}}"}}
[debug] [2021-05-30T11:07:15.871Z] [runtime-status] [14896] firebase-functions has been stubbed. {"functionsResolution":{"declared":true,"installed":true,"version":"3.14.1","resolution":"D:\\node_workspace\\MyTest\\functions\\node_modules\\firebase-functions\\lib\\index.js"}} {"metadata":{"emulator":{"name":"functions"},"message":"[runtime-status] [14896] firebase-functions has been stubbed. {\"functionsResolution\":{\"declared\":true,\"installed\":true,\"version\":\"3.14.1\",\"resolution\":\"D:\\\\node_workspace\\\\MyTest\\\\functions\\\\node_modules\\\\firebase-functions\\\\lib\\\\index.js\"}}"}}
[debug] [2021-05-30T11:07:15.872Z] [runtime-status] [14896] Resolved module firebase-functions {"declared":true,"installed":true,"version":"3.14.1","resolution":"D:\\node_workspace\\MyTest\\functions\\node_modules\\firebase-functions\\lib\\index.js"} {"metadata":{"emulator":{"name":"functions"},"message":"[runtime-status] [14896] Resolved module firebase-functions {\"declared\":true,\"installed\":true,\"version\":\"3.14.1\",\"resolution\":\"D:\\\\node_workspace\\\\MyTest\\\\functions\\\\node_modules\\\\firebase-functions\\\\lib\\\\index.js\"}"}}
[debug] [2021-05-30T11:07:15.873Z] [runtime-status] [14896] Resolved module firebase-admin {"declared":true,"installed":true,"version":"9.9.0","resolution":"D:\\node_workspace\\MyTest\\functions\\node_modules\\firebase-admin\\lib\\index.js"} {"metadata":{"emulator":{"name":"functions"},"message":"[runtime-status] [14896] Resolved module firebase-admin {\"declared\":true,\"installed\":true,\"version\":\"9.9.0\",\"resolution\":\"D:\\\\node_workspace\\\\MyTest\\\\functions\\\\node_modules\\\\firebase-admin\\\\lib\\\\index.js\"}"}}
[debug] [2021-05-30T11:07:15.873Z] [runtime-status] [14896] Resolved module firebase-functions {"declared":true,"installed":true,"version":"3.14.1","resolution":"D:\\node_workspace\\MyTest\\functions\\node_modules\\firebase-functions\\lib\\index.js"} {"metadata":{"emulator":{"name":"functions"},"message":"[runtime-status] [14896] Resolved module firebase-functions {\"declared\":true,\"installed\":true,\"version\":\"3.14.1\",\"resolution\":\"D:\\\\node_workspace\\\\MyTest\\\\functions\\\\node_modules\\\\firebase-functions\\\\lib\\\\index.js\"}"}}
[debug] [2021-05-30T11:07:15.873Z] [runtime-status] [14896] firebase-admin has been stubbed. {"adminResolution":{"declared":true,"installed":true,"version":"9.9.0","resolution":"D:\\node_workspace\\MyTest\\functions\\node_modules\\firebase-admin\\lib\\index.js"}} {"metadata":{"emulator":{"name":"functions"},"message":"[runtime-status] [14896] firebase-admin has been stubbed. {\"adminResolution\":{\"declared\":true,\"installed\":true,\"version\":\"9.9.0\",\"resolution\":\"D:\\\\node_workspace\\\\MyTest\\\\functions\\\\node_modules\\\\firebase-admin\\\\lib\\\\index.js\"}}"}}
[info] +  functions[us-central1-api1]: http function initialized (http://localhost:5001/joonmohome/us-central1/api1). {"metadata":{"emulator":{"name":"functions"},"message":"\u001b[1mhttp\u001b[22m function initialized (http://localhost:5001/joonmohome/us-central1/api1)."}}
[debug] [2021-05-30T11:07:16.166Z] [worker-~diagnostic~-5e5bd33c-9396-437f-858b-a8f2203c3826]: IDLE {"metadata":{"emulator":{"name":"functions"},"message":"[worker-~diagnostic~-5e5bd33c-9396-437f-858b-a8f2203c3826]: IDLE"}}
[info] [hosting] Rewriting /board/save to http://localhost:5001/joonmohome/us-central1/api1 for local Function api1
[debug] [2021-05-30T11:07:38.869Z] >>> [apiv2][query] POST http://localhost:5001/joonmohome/us-central1/api1/board/save 
[debug] [2021-05-30T11:07:38.869Z] >>> [apiv2][body] POST http://localhost:5001/joonmohome/us-central1/api1/board/save [stream]
[debug] [2021-05-30T11:07:38.872Z] [work-queue] {"queueLength":1,"workRunningCount":0}
[debug] [2021-05-30T11:07:38.873Z] [work-queue] {"queueLength":0,"workRunningCount":1}
[debug] [2021-05-30T11:07:38.873Z] Accepted request POST /joonmohome/us-central1/api1/board/save --> us-central1-api1
[debug] [2021-05-30T11:07:38.878Z] [worker-pool] addWorker(us-central1-api1) {"metadata":{"emulator":{"name":"functions"},"message":"[worker-pool] addWorker(us-central1-api1)"}}
[debug] [2021-05-30T11:07:38.878Z] [worker-pool] Adding worker with key us-central1-api1, total=1 {"metadata":{"emulator":{"name":"functions"},"message":"[worker-pool] Adding worker with key us-central1-api1, total=1"}}
[debug] [2021-05-30T11:07:38.878Z] [worker-pool] submitWork(triggerId=us-central1-api1) {"metadata":{"emulator":{"name":"functions"},"message":"[worker-pool] submitWork(triggerId=us-central1-api1)"}}
[debug] [2021-05-30T11:07:38.879Z] [worker-us-central1-api1-a01a52c1-cbc4-4ad4-8597-6634cbbd101d]: Assigning socketPath: \\?\pipe\D:\node_workspace\MyTest\functions\12580 {"metadata":{"emulator":{"name":"functions"},"message":"[worker-us-central1-api1-a01a52c1-cbc4-4ad4-8597-6634cbbd101d]: Assigning socketPath: \\\\?\\pipe\\D:\\node_workspace\\MyTest\\functions\\12580"}}
[debug] [2021-05-30T11:07:38.879Z] [worker-us-central1-api1-a01a52c1-cbc4-4ad4-8597-6634cbbd101d]: BUSY {"metadata":{"emulator":{"name":"functions"},"message":"[worker-us-central1-api1-a01a52c1-cbc4-4ad4-8597-6634cbbd101d]: BUSY"}}
[debug] [2021-05-30T11:07:39.037Z] [runtime-status] [12580] Functions runtime initialized. {"cwd":"D:\\node_workspace\\MyTest\\functions","node_version":"14.17.0"} {"metadata":{"emulator":{"name":"functions"},"function":{"name":"us-central1-api1"},"message":"[runtime-status] [12580] Functions runtime initialized. {\"cwd\":\"D:\\\\node_workspace\\\\MyTest\\\\functions\",\"node_version\":\"14.17.0\"}"}}
[debug] [2021-05-30T11:07:39.038Z] [runtime-status] [12580] Disabled runtime features: undefined {"metadata":{"emulator":{"name":"functions"},"function":{"name":"us-central1-api1"},"message":"[runtime-status] [12580] Disabled runtime features: undefined"}}
[debug] [2021-05-30T11:07:39.041Z] [runtime-status] [12580] Resolved module firebase-admin {"declared":true,"installed":true,"version":"9.9.0","resolution":"D:\\node_workspace\\MyTest\\functions\\node_modules\\firebase-admin\\lib\\index.js"} {"metadata":{"emulator":{"name":"functions"},"function":{"name":"us-central1-api1"},"message":"[runtime-status] [12580] Resolved module firebase-admin {\"declared\":true,\"installed\":true,\"version\":\"9.9.0\",\"resolution\":\"D:\\\\node_workspace\\\\MyTest\\\\functions\\\\node_modules\\\\firebase-admin\\\\lib\\\\index.js\"}"}}
[debug] [2021-05-30T11:07:39.042Z] [runtime-status] [12580] Resolved module firebase-functions {"declared":true,"installed":true,"version":"3.14.1","resolution":"D:\\node_workspace\\MyTest\\functions\\node_modules\\firebase-functions\\lib\\index.js"} {"metadata":{"emulator":{"name":"functions"},"function":{"name":"us-central1-api1"},"message":"[runtime-status] [12580] Resolved module firebase-functions {\"declared\":true,\"installed\":true,\"version\":\"3.14.1\",\"resolution\":\"D:\\\\node_workspace\\\\MyTest\\\\functions\\\\node_modules\\\\firebase-functions\\\\lib\\\\index.js\"}"}}
[debug] [2021-05-30T11:07:39.043Z] [runtime-status] [12580] Resolved module firebase-functions {"declared":true,"installed":true,"version":"3.14.1","resolution":"D:\\node_workspace\\MyTest\\functions\\node_modules\\firebase-functions\\lib\\index.js"} {"metadata":{"emulator":{"name":"functions"},"function":{"name":"us-central1-api1"},"message":"[runtime-status] [12580] Resolved module firebase-functions {\"declared\":true,\"installed\":true,\"version\":\"3.14.1\",\"resolution\":\"D:\\\\node_workspace\\\\MyTest\\\\functions\\\\node_modules\\\\firebase-functions\\\\lib\\\\index.js\"}"}}
[debug] [2021-05-30T11:07:39.044Z] [runtime-status] [12580] Outgoing network have been stubbed. [{"name":"http","status":"mocked"},{"name":"http","status":"mocked"},{"name":"https","status":"mocked"},{"name":"https","status":"mocked"},{"name":"net","status":"mocked"}] {"metadata":{"emulator":{"name":"functions"},"function":{"name":"us-central1-api1"},"message":"[runtime-status] [12580] Outgoing network have been stubbed. [{\"name\":\"http\",\"status\":\"mocked\"},{\"name\":\"http\",\"status\":\"mocked\"},{\"name\":\"https\",\"status\":\"mocked\"},{\"name\":\"https\",\"status\":\"mocked\"},{\"name\":\"net\",\"status\":\"mocked\"}]"}}
[debug] [2021-05-30T11:07:39.045Z] [runtime-status] [12580] Resolved module firebase-functions {"declared":true,"installed":true,"version":"3.14.1","resolution":"D:\\node_workspace\\MyTest\\functions\\node_modules\\firebase-functions\\lib\\index.js"} {"metadata":{"emulator":{"name":"functions"},"function":{"name":"us-central1-api1"},"message":"[runtime-status] [12580] Resolved module firebase-functions {\"declared\":true,\"installed\":true,\"version\":\"3.14.1\",\"resolution\":\"D:\\\\node_workspace\\\\MyTest\\\\functions\\\\node_modules\\\\firebase-functions\\\\lib\\\\index.js\"}"}}
[debug] [2021-05-30T11:07:39.079Z] [runtime-status] [12580] Checked functions.config() {"config":{}} {"metadata":{"emulator":{"name":"functions"},"function":{"name":"us-central1-api1"},"message":"[runtime-status] [12580] Checked functions.config() {\"config\":{}}"}}
[debug] [2021-05-30T11:07:39.080Z] [runtime-status] [12580] firebase-functions has been stubbed. {"functionsResolution":{"declared":true,"installed":true,"version":"3.14.1","resolution":"D:\\node_workspace\\MyTest\\functions\\node_modules\\firebase-functions\\lib\\index.js"}} {"metadata":{"emulator":{"name":"functions"},"function":{"name":"us-central1-api1"},"message":"[runtime-status] [12580] firebase-functions has been stubbed. {\"functionsResolution\":{\"declared\":true,\"installed\":true,\"version\":\"3.14.1\",\"resolution\":\"D:\\\\node_workspace\\\\MyTest\\\\functions\\\\node_modules\\\\firebase-functions\\\\lib\\\\index.js\"}}"}}
[debug] [2021-05-30T11:07:39.080Z] [runtime-status] [12580] Resolved module firebase-functions {"declared":true,"installed":true,"version":"3.14.1","resolution":"D:\\node_workspace\\MyTest\\functions\\node_modules\\firebase-functions\\lib\\index.js"} {"metadata":{"emulator":{"name":"functions"},"function":{"name":"us-central1-api1"},"message":"[runtime-status] [12580] Resolved module firebase-functions {\"declared\":true,\"installed\":true,\"version\":\"3.14.1\",\"resolution\":\"D:\\\\node_workspace\\\\MyTest\\\\functions\\\\node_modules\\\\firebase-functions\\\\lib\\\\index.js\"}"}}
[debug] [2021-05-30T11:07:39.081Z] [runtime-status] [12580] Resolved module firebase-admin {"declared":true,"installed":true,"version":"9.9.0","resolution":"D:\\node_workspace\\MyTest\\functions\\node_modules\\firebase-admin\\lib\\index.js"} {"metadata":{"emulator":{"name":"functions"},"function":{"name":"us-central1-api1"},"message":"[runtime-status] [12580] Resolved module firebase-admin {\"declared\":true,\"installed\":true,\"version\":\"9.9.0\",\"resolution\":\"D:\\\\node_workspace\\\\MyTest\\\\functions\\\\node_modules\\\\firebase-admin\\\\lib\\\\index.js\"}"}}
[debug] [2021-05-30T11:07:39.081Z] [runtime-status] [12580] Resolved module firebase-functions {"declared":true,"installed":true,"version":"3.14.1","resolution":"D:\\node_workspace\\MyTest\\functions\\node_modules\\firebase-functions\\lib\\index.js"} {"metadata":{"emulator":{"name":"functions"},"function":{"name":"us-central1-api1"},"message":"[runtime-status] [12580] Resolved module firebase-functions {\"declared\":true,\"installed\":true,\"version\":\"3.14.1\",\"resolution\":\"D:\\\\node_workspace\\\\MyTest\\\\functions\\\\node_modules\\\\firebase-functions\\\\lib\\\\index.js\"}"}}
[debug] [2021-05-30T11:07:39.081Z] [runtime-status] [12580] firebase-admin has been stubbed. {"adminResolution":{"declared":true,"installed":true,"version":"9.9.0","resolution":"D:\\node_workspace\\MyTest\\functions\\node_modules\\firebase-admin\\lib\\index.js"}} {"metadata":{"emulator":{"name":"functions"},"function":{"name":"us-central1-api1"},"message":"[runtime-status] [12580] firebase-admin has been stubbed. {\"adminResolution\":{\"declared\":true,\"installed\":true,\"version\":\"9.9.0\",\"resolution\":\"D:\\\\node_workspace\\\\MyTest\\\\functions\\\\node_modules\\\\firebase-admin\\\\lib\\\\index.js\"}}"}}
[debug] [2021-05-30T11:07:39.360Z] [runtime-status] [12580] Trigger "us-central1-api1" has been found, beginning invocation! {"metadata":{"emulator":{"name":"functions"},"function":{"name":"us-central1-api1"},"message":"[runtime-status] [12580] Trigger \"us-central1-api1\" has been found, beginning invocation!"}}
[info] i  functions: Beginning execution of "us-central1-api1" {"metadata":{"emulator":{"name":"functions"},"function":{"name":"us-central1-api1"},"message":"Beginning execution of \"us-central1-api1\""}}
[debug] [2021-05-30T11:07:39.361Z] [runtime-status] [12580] triggerDefinition {"httpsTrigger":{},"name":"api1","entryPoint":"api1","regions":["us-central1"],"region":"us-central1","id":"us-central1-api1"} {"metadata":{"emulator":{"name":"functions"},"function":{"name":"us-central1-api1"},"message":"[runtime-status] [12580] triggerDefinition {\"httpsTrigger\":{},\"name\":\"api1\",\"entryPoint\":\"api1\",\"regions\":[\"us-central1\"],\"region\":\"us-central1\",\"id\":\"us-central1-api1\"}"}}
[debug] [2021-05-30T11:07:39.361Z] [runtime-status] [12580] Running us-central1-api1 in mode HTTPS {"metadata":{"emulator":{"name":"functions"},"function":{"name":"us-central1-api1"},"message":"[runtime-status] [12580] Running us-central1-api1 in mode HTTPS"}}
[debug] [2021-05-30T11:07:39.363Z] [runtime-status] [12580] Attempting to listen to socketPath: \\?\pipe\D:\node_workspace\MyTest\functions\12580 {"metadata":{"emulator":{"name":"functions"},"function":{"name":"us-central1-api1"},"message":"[runtime-status] [12580] Attempting to listen to socketPath: \\\\?\\pipe\\D:\\node_workspace\\MyTest\\functions\\12580"}}
[debug] [2021-05-30T11:07:39.366Z] [functions] Runtime ready! Sending request! {"metadata":{"emulator":{"name":"functions"},"message":"[functions] Runtime ready! Sending request!"}}
[debug] [2021-05-30T11:07:39.366Z] [functions] Got req.url=/joonmohome/us-central1/api1/board/save, mapping to path=/board/save {"metadata":{"emulator":{"name":"functions"},"message":"[functions] Got req.url=/joonmohome/us-central1/api1/board/save, mapping to path=/board/save"}}
[debug] [2021-05-30T11:07:39.388Z] [runtime-status] [12580] Ephemeral server handling POST request {"metadata":{"emulator":{"name":"functions"},"function":{"name":"us-central1-api1"},"message":"[runtime-status] [12580] Ephemeral server handling POST request"}}
[debug] [2021-05-30T11:07:39.393Z] [runtime-status] [12580] Ephemeral server survived. {"metadata":{"emulator":{"name":"functions"},"function":{"name":"us-central1-api1"},"message":"[runtime-status] [12580] Ephemeral server survived."}}
[debug] [2021-05-30T11:07:39.699Z] <<< [apiv2][status] POST http://localhost:5001/joonmohome/us-central1/api1/board/save 200
[debug] [2021-05-30T11:07:39.699Z] <<< [apiv2][body] POST http://localhost:5001/joonmohome/us-central1/api1/board/save [stream]
[info] i  hosting: 127.0.0.1 - - [30/May/2021:11:07:39 +0000] "POST /board/save HTTP/1.1" 200 31 "-" "PostmanRuntime/7.28.0" {"metadata":{"emulator":{"name":"hosting"},"message":"127.0.0.1 - - [30/May/2021:11:07:39 +0000] \"POST /board/save HTTP/1.1\" 200 31 \"-\" \"PostmanRuntime/7.28.0\""}}
[info] >  POST /board/save 200 306.451 ms - 31 {"user":"\u001b[0mPOST /board/save \u001b[32m200 \u001b[0m306.451 ms - 31\u001b[0m","metadata":{"emulator":{"name":"functions"},"function":{"name":"us-central1-api1"},"message":"\u001b[90m> \u001b[39m \u001b[0mPOST /board/save \u001b[32m200 \u001b[0m306.451 ms - 31\u001b[0m"}}
[info] i  functions: Finished "us-central1-api1" in ~1s {"metadata":{"emulator":{"name":"functions"},"function":{"name":"us-central1-api1"},"message":"Finished \"us-central1-api1\" in ~1s"}}
[debug] [2021-05-30T11:07:39.702Z] [worker-us-central1-api1-a01a52c1-cbc4-4ad4-8597-6634cbbd101d]: IDLE {"metadata":{"emulator":{"name":"functions"},"message":"[worker-us-central1-api1-a01a52c1-cbc4-4ad4-8597-6634cbbd101d]: IDLE"}}
[debug] [2021-05-30T11:07:39.702Z] [work-queue] {"queueLength":0,"workRunningCount":0}
[debug] [2021-05-30T13:51:28.813Z] [worker-us-central1-api1-a01a52c1-cbc4-4ad4-8597-6634cbbd101d]: exited {"metadata":{"emulator":{"name":"functions"},"message":"[worker-us-central1-api1-a01a52c1-cbc4-4ad4-8597-6634cbbd101d]: exited"}}
